<?xml version="1.0" encoding="UTF-8"?>
<!-- Generated by org.testng.reporters.JUnitReportReporter -->
<testsuite hostname="LAPTOP-UE0FKLM6" failures="0" tests="1" name="com.AmazonRunner.qa.testRunnerClass" time="65.630" errors="0" timestamp="2023-04-01T13:07:50 EDT" skipped="0">
  <testcase classname="com.AmazonRunner.qa.testRunnerClass" name="feature" time="65.630"/>
  <system-out/>
</testsuite> <!-- com.AmazonRunner.qa.testRunnerClass -->
